<?xml version="1.0" encoding="UTF-8"?>
<testng-results ignored="0" total="1" passed="1" failed="0" skipped="0">
  <reporter-output>
  </reporter-output>
  <suite started-at="2023-05-24T08:38:40 IST" name="Default Suite" finished-at="2023-05-24T08:40:20 IST" duration-ms="100358">
    <groups>
    </groups>
    <test started-at="2023-05-24T08:38:40 IST" name="MobileAppTesting_Wth_Pom" finished-at="2023-05-24T08:40:20 IST" duration-ms="100358">
      <class name="com.appium.mobile.testing.WhatsappTest">
        <test-method is-config="true" signature="initDriver()[pri:0, instance:com.appium.mobile.testing.WhatsappTest@e15b7e8]" started-at="2023-05-24T08:38:40 IST" name="initDriver" finished-at="2023-05-24T08:39:02 IST" duration-ms="22139" status="PASS">
          <reporter-output>
          </reporter-output>
        </test-method> <!-- initDriver -->
        <test-method signature="launchSession()[pri:0, instance:com.appium.mobile.testing.WhatsappTest@e15b7e8]" started-at="2023-05-24T08:39:02 IST" name="launchSession" finished-at="2023-05-24T08:40:20 IST" duration-ms="78127" status="PASS">
          <reporter-output>
          </reporter-output>
        </test-method> <!-- launchSession -->
      </class> <!-- com.appium.mobile.testing.WhatsappTest -->
    </test> <!-- MobileAppTesting_Wth_Pom -->
  </suite> <!-- Default Suite -->
</testng-results>
